<?xml version="1.0" encoding="UTF-8" ?>
<testsuite tests="9" failures="0" name="io.grpc.examples.routeguide.RouteGuideClientTest" time="0.041" errors="0" skipped="0">
  <properties>
    <property name="os.detected.version" value="4.16"/>
    <property name="java.runtime.name" value="OpenJDK Runtime Environment"/>
    <property name="sun.boot.library.path" value="/usr/lib/jvm/java-1.8.0-openjdk-1.8.0.171-4.b10.fc28.x86_64/jre/lib/amd64"/>
    <property name="java.vm.version" value="25.171-b10"/>
    <property name="java.vm.vendor" value="Oracle Corporation"/>
    <property name="maven.multiModuleProjectDirectory" value="/home/sgeorgiou/GitHub/Rest_and_RPC_research/tasks/java/grpc"/>
    <property name="java.vendor.url" value="http://java.oracle.com/"/>
    <property name="os.detected.version.minor" value="16"/>
    <property name="path.separator" value=":"/>
    <property name="guice.disable.misplaced.annotation.check" value="true"/>
    <property name="java.vm.name" value="OpenJDK 64-Bit Server VM"/>
    <property name="file.encoding.pkg" value="sun.io"/>
    <property name="user.country" value="US"/>
    <property name="sun.java.launcher" value="SUN_STANDARD"/>
    <property name="sun.os.patch.level" value="unknown"/>
    <property name="java.vm.specification.name" value="Java Virtual Machine Specification"/>
    <property name="user.dir" value="/home/sgeorgiou/GitHub/Rest_and_RPC_research/tasks/java/grpc"/>
    <property name="java.runtime.version" value="1.8.0_171-b10"/>
    <property name="java.awt.graphicsenv" value="sun.awt.X11GraphicsEnvironment"/>
    <property name="java.endorsed.dirs" value="/usr/lib/jvm/java-1.8.0-openjdk-1.8.0.171-4.b10.fc28.x86_64/jre/lib/endorsed"/>
    <property name="os.arch" value="amd64"/>
    <property name="java.io.tmpdir" value="/tmp"/>
    <property name="os.detected.release.version" value="28"/>
    <property name="line.separator" value="
"/>
    <property name="java.vm.specification.vendor" value="Oracle Corporation"/>
    <property name="os.detected.version.major" value="4"/>
    <property name="os.name" value="Linux"/>
    <property name="os.detected.classifier" value="linux-x86_64"/>
    <property name="classworlds.conf" value="/usr/share/maven/bin/m2.conf"/>
    <property name="sun.jnu.encoding" value="UTF-8"/>
    <property name="java.library.path" value="/usr/java/packages/lib/amd64:/usr/lib64:/lib64:/lib:/usr/lib"/>
    <property name="os.detected.arch" value="x86_64"/>
    <property name="maven.conf" value="/usr/share/maven/conf"/>
    <property name="java.specification.name" value="Java Platform API Specification"/>
    <property name="java.class.version" value="52.0"/>
    <property name="sun.management.compiler" value="HotSpot 64-Bit Tiered Compilers"/>
    <property name="os.detected.name" value="linux"/>
    <property name="os.version" value="4.16.6-302.fc28.x86_64"/>
    <property name="library.jansi.path" value="/usr/share/maven/lib/jansi-native"/>
    <property name="user.home" value="/home/sgeorgiou"/>
    <property name="user.timezone" value="Europe/Athens"/>
    <property name="java.awt.printerjob" value="sun.print.PSPrinterJob"/>
    <property name="java.specification.version" value="1.8"/>
    <property name="file.encoding" value="UTF-8"/>
    <property name="os.detected.release" value="fedora"/>
    <property name="user.name" value="sgeorgiou"/>
    <property name="java.class.path" value="/usr/share/java/plexus-classworlds.jar"/>
    <property name="java.vm.specification.version" value="1.8"/>
    <property name="sun.arch.data.model" value="64"/>
    <property name="java.home" value="/usr/lib/jvm/java-1.8.0-openjdk-1.8.0.171-4.b10.fc28.x86_64/jre"/>
    <property name="sun.java.command" value="org.codehaus.plexus.classworlds.launcher.Launcher verify"/>
    <property name="java.specification.vendor" value="Oracle Corporation"/>
    <property name="user.language" value="en"/>
    <property name="awt.toolkit" value="sun.awt.X11.XToolkit"/>
    <property name="java.vm.info" value="mixed mode"/>
    <property name="java.version" value="1.8.0_171"/>
    <property name="java.ext.dirs" value="/usr/lib/jvm/java-1.8.0-openjdk-1.8.0.171-4.b10.fc28.x86_64/jre/lib/ext:/usr/java/packages/lib/ext"/>
    <property name="sun.boot.class.path" value="/usr/lib/jvm/java-1.8.0-openjdk-1.8.0.171-4.b10.fc28.x86_64/jre/lib/resources.jar:/usr/lib/jvm/java-1.8.0-openjdk-1.8.0.171-4.b10.fc28.x86_64/jre/lib/rt.jar:/usr/lib/jvm/java-1.8.0-openjdk-1.8.0.171-4.b10.fc28.x86_64/jre/lib/sunrsasign.jar:/usr/lib/jvm/java-1.8.0-openjdk-1.8.0.171-4.b10.fc28.x86_64/jre/lib/jsse.jar:/usr/lib/jvm/java-1.8.0-openjdk-1.8.0.171-4.b10.fc28.x86_64/jre/lib/jce.jar:/usr/lib/jvm/java-1.8.0-openjdk-1.8.0.171-4.b10.fc28.x86_64/jre/lib/charsets.jar:/usr/lib/jvm/java-1.8.0-openjdk-1.8.0.171-4.b10.fc28.x86_64/jre/lib/jfr.jar:/usr/lib/jvm/java-1.8.0-openjdk-1.8.0.171-4.b10.fc28.x86_64/jre/classes"/>
    <property name="java.vendor" value="Oracle Corporation"/>
    <property name="maven.home" value="/usr/share/maven"/>
    <property name="file.separator" value="/"/>
    <property name="java.vendor.url.bug" value="http://bugreport.sun.com/bugreport/"/>
    <property name="sun.cpu.endian" value="little"/>
    <property name="sun.io.unicode.encoding" value="UnicodeLittle"/>
    <property name="os.detected.release.like.fedora" value="true"/>
    <property name="sun.desktop" value="gnome"/>
    <property name="sun.cpu.isalist" value=""/>
  </properties>
  <testcase classname="io.grpc.examples.routeguide.RouteGuideClientTest" name="recordRoute_serverError" time="0.006"/>
  <testcase classname="io.grpc.examples.routeguide.RouteGuideClientTest" name="routeChat_echoResponse" time="0.006"/>
  <testcase classname="io.grpc.examples.routeguide.RouteGuideClientTest" name="routeChat_simpleResponse" time="0.005"/>
  <testcase classname="io.grpc.examples.routeguide.RouteGuideClientTest" name="getFeature" time="0.002"/>
  <testcase classname="io.grpc.examples.routeguide.RouteGuideClientTest" name="routeChat_errorResponse" time="0.003"/>
  <testcase classname="io.grpc.examples.routeguide.RouteGuideClientTest" name="listFeatures" time="0.011"/>
  <testcase classname="io.grpc.examples.routeguide.RouteGuideClientTest" name="recordRoute" time="0.004"/>
  <testcase classname="io.grpc.examples.routeguide.RouteGuideClientTest" name="listFeatures_error" time="0.002"/>
  <testcase classname="io.grpc.examples.routeguide.RouteGuideClientTest" name="getFeature_error" time="0.002"/>
</testsuite>