<?xml version="1.0" encoding="UTF-8"?>
<testsuite name="io.grpc.examples.helloworld.HelloWorldClientTest" tests="1" skipped="0" failures="0" errors="0" timestamp="2019-01-08T20:01:11" hostname="192.168.1.12" time="0.219">
  <properties/>
  <testcase name="greet_messageDeliveredToServer" classname="io.grpc.examples.helloworld.HelloWorldClientTest" time="0.219"/>
  <system-out><![CDATA[]]></system-out>
  <system-err><![CDATA[Jan 08, 2019 10:01:11 PM io.grpc.examples.helloworld.HelloWorldClient greet
WARNING: RPC failed: Status{code=UNIMPLEMENTED, description=Method helloworld.Greeter/SayHello is unimplemented, cause=null}
]]></system-err>
</testsuite>
