<?xml version="1.0" encoding="UTF-8"?>
<testsuite name="io.grpc.examples.helloworld.HelloWorldServerTest" tests="1" skipped="0" failures="0" errors="0" timestamp="2019-01-08T20:01:11" hostname="192.168.1.12" time="0.004">
  <properties/>
  <testcase name="greeterImpl_replyMessage" classname="io.grpc.examples.helloworld.HelloWorldServerTest" time="0.004"/>
  <system-out><![CDATA[]]></system-out>
  <system-err><![CDATA[]]></system-err>
</testsuite>
